生成启动时间为 2016/11/11 23:46:33。
     1>项目“C:\Users\LionHeart\Desktop\glog-0.3.4\vsprojects\libglog\libglog.vcxproj”在节点 2 上(Build 个目标)。
     1>ClCompile:
         C:\Program Files (x86)\Microsoft Visual Studio 12.0\VC\bin\CL.exe /c /I..\..\src\windows /ZI /nologo /W3 /WX- /Od /Oy- /D WIN32 /D _DEBUG /D _WINDOWS /D _USRDLL /D LIBGLOG_EXPORTS /D _WINDLL /D _UNICODE /D UNICODE /Gm /EHsc /RTC1 /MDd /GS /fp:precise /Zc:wchar_t /Zc:forScope /Fo"Debug\\" /Fd"Debug\vc120.pdb" /Gd /TP /analyze- /errorReport:prompt ..\..\src\logging.cc ..\..\src\raw_logging.cc ..\..\src\utilities.cc ..\..\src\vlog_is_on.cc ..\..\src\windows\port.cc
         port.cc
     1>c:\users\lionheart\desktop\glog-0.3.4\src\windows\port.h(119): warning C4005: “va_copy”: 宏重定义
                 c:\program files (x86)\microsoft visual studio 12.0\vc\include\stdarg.h(37) : 参见“va_copy”的前一个定义
         vlog_is_on.cc
     1>c:\users\lionheart\desktop\glog-0.3.4\src\windows\port.h(119): warning C4005: “va_copy”: 宏重定义
                 c:\program files (x86)\microsoft visual studio 12.0\vc\include\stdarg.h(37) : 参见“va_copy”的前一个定义
         utilities.cc
     1>c:\users\lionheart\desktop\glog-0.3.4\src\windows\port.h(119): warning C4005: “va_copy”: 宏重定义
                 c:\program files (x86)\microsoft visual studio 12.0\vc\include\stdarg.h(37) : 参见“va_copy”的前一个定义
         raw_logging.cc
     1>c:\users\lionheart\desktop\glog-0.3.4\src\windows\port.h(119): warning C4005: “va_copy”: 宏重定义
                 c:\program files (x86)\microsoft visual studio 12.0\vc\include\stdarg.h(37) : 参见“va_copy”的前一个定义
         logging.cc
     1>c:\users\lionheart\desktop\glog-0.3.4\src\windows\port.h(119): warning C4005: “va_copy”: 宏重定义
                 c:\program files (x86)\microsoft visual studio 12.0\vc\include\stdarg.h(37) : 参见“va_copy”的前一个定义
         正在生成代码...
       Link:
         C:\Program Files (x86)\Microsoft Visual Studio 12.0\VC\bin\link.exe /ERRORREPORT:PROMPT /OUT:"C:\Users\LionHeart\Desktop\glog-0.3.4\Debug\libglog.dll" /INCREMENTAL /NOLOGO kernel32.lib user32.lib gdi32.lib winspool.lib comdlg32.lib advapi32.lib shell32.lib ole32.lib oleaut32.lib uuid.lib odbc32.lib odbccp32.lib /MANIFEST /MANIFESTUAC:"level='asInvoker' uiAccess='false'" /manifest:embed /DEBUG /PDB:"C:\Users\LionHeart\Desktop\glog-0.3.4\Debug\libglog.pdb" /SUBSYSTEM:WINDOWS /TLBID:1 /DYNAMICBASE /NXCOMPAT /IMPLIB:"C:\Users\LionHeart\Desktop\glog-0.3.4\Debug\libglog.lib" /MACHINE:X86 /SAFESEH /DLL Debug\logging.obj
         Debug\raw_logging.obj
         Debug\utilities.obj
         Debug\vlog_is_on.obj
         Debug\port.obj
     1>logging.obj : warning LNK4075: 忽略“/EDITANDCONTINUE”(由于“/SAFESEH”规范)
            正在创建库 C:\Users\LionHeart\Desktop\glog-0.3.4\Debug\libglog.lib 和对象 C:\Users\LionHeart\Desktop\glog-0.3.4\Debug\libglog.exp
         libglog.vcxproj -> C:\Users\LionHeart\Desktop\glog-0.3.4\Debug\libglog.dll
     1>已完成生成项目“C:\Users\LionHeart\Desktop\glog-0.3.4\vsprojects\libglog\libglog.vcxproj”(Build 个目标)的操作。

生成成功。

已用时间 00:00:03.96
